<?xml version="1.0" encoding="UTF-8"?>
<!-- Generated by org.testng.reporters.JUnitReportReporter -->
<testsuite hostname="Prashant" failures="0" tests="1" name="Day3.CookiesDemo" time="1.861" errors="0" timestamp="2023-09-29T22:32:33 IST" skipped="0">
  <testcase classname="Day3.CookiesDemo" name="TestAllCookies" time="1.861"/>
</testsuite> <!-- Day3.CookiesDemo -->
