<?xml version="1.0" encoding="UTF-8"?>
<!-- Generated by org.testng.reporters.JUnitReportReporter -->
<testsuite hostname="Prashant" failures="0" tests="1" name="Day3.HeaderDemo" time="2.495" errors="0" timestamp="2023-09-29T23:38:15 IST" skipped="0">
  <testcase classname="Day3.HeaderDemo" name="tesalltheader" time="2.495"/>
</testsuite> <!-- Day3.HeaderDemo -->
