<?xml version="1.0" encoding="UTF-8"?>
<!-- Generated by org.testng.reporters.JUnitReportReporter -->
<testsuite hostname="Prashant" failures="0" tests="2" name="Day5.Parsing_XML_Response_Data" time="2.271" errors="0" timestamp="2023-10-07T22:49:15 IST" skipped="0">
  <testcase classname="Day5.Parsing_XML_Response_Data" name="testXMLResponse" time="2.035"/>
  <testcase classname="Day5.Parsing_XML_Response_Data" name="testXMLBody" time="0.236"/>
</testsuite> <!-- Day5.Parsing_XML_Response_Data -->
