<?xml version="1.0" encoding="UTF-8"?>
<!-- Generated by org.testng.reporters.JUnitReportReporter -->
<testsuite hostname="Prashant" failures="0" tests="1" name="Day3.PathAndQueryParameter" time="3.228" errors="0" timestamp="2023-09-28T00:27:44 IST" skipped="0">
  <testcase classname="Day3.PathAndQueryParameter" name="testPathAndQueryParameter" time="3.228"/>
</testsuite> <!-- Day3.PathAndQueryParameter -->
