<?xml version="1.0" encoding="UTF-8"?>
<!-- Generated by org.testng.reporters.JUnitReportReporter -->
<testsuite hostname="Prashant" failures="0" tests="4" name="Day1.HTTPRequests" time="5.056" errors="0" timestamp="2023-09-23T22:24:13 IST" skipped="0">
  <testcase classname="Day1.HTTPRequests" name="getUsers" time="2.936"/>
  <testcase classname="Day1.HTTPRequests" name="createUser" time="0.984"/>
  <testcase classname="Day1.HTTPRequests" name="updateUser" time="0.524"/>
  <testcase classname="Day1.HTTPRequests" name="deleteUser" time="0.612"/>
</testsuite> <!-- Day1.HTTPRequests -->
