<?xml version="1.0" encoding="UTF-8"?>
<!-- Generated by org.testng.reporters.JUnitReportReporter -->
<testsuite hostname="Prashant" failures="0" tests="1" name="Day3.LoggingDemo" time="2.090" errors="0" timestamp="2023-09-29T23:48:04 IST" skipped="0">
  <testcase classname="Day3.LoggingDemo" name="testlogging" time="2.090"/>
</testsuite> <!-- Day3.LoggingDemo -->
