<?xml version="1.0" encoding="UTF-8"?>
<!-- Generated by org.testng.reporters.JUnitReportReporter -->
<testsuite hostname="Prashant" failures="0" tests="1" name="Day2.DifferentWaysofRequestBody" time="2.412" errors="0" timestamp="2023-09-27T12:19:26 IST" skipped="0">
  <testcase classname="Day2.DifferentWaysofRequestBody" name="TestPostUsingexternalJSONFile" time="2.412"/>
</testsuite> <!-- Day2.DifferentWaysofRequestBody -->
